Using brute force collision detection.
         33958108 function calls (33954601 primitive calls) in 51.181 seconds

   Ordered by: cumulative time

   ncalls  tottime  percall  cumtime  percall filename:lineno(function)
        2    0.000    0.000   51.184   25.592 main.py:1(<module>)
    171/1    0.007    0.000   51.182   51.182 {built-in method exec}
        1    0.007    0.007   50.840   50.840 controller.py:9(run_sim)
       94    0.019    0.000   49.582    0.527 model.py:30(step)
       94    1.926    0.020   49.467    0.526 collision.py:61(check)
  4215900   11.589    0.000   47.541    0.000 collision.py:51(colliding)
  4215900   13.887    0.000   35.952    0.000 linalg.py:1924(norm)
  4215900    3.447    0.000    8.851    0.000 numeric.py:394(asarray)
  4215900    7.156    0.000    7.156    0.000 {built-in method dot}
  4216538    5.406    0.000    5.406    0.000 {built-in method array}
  4215900    3.230    0.000    3.230    0.000 {method 'ravel' of 'numpy.ndarray' objects}
  4215900    1.432    0.000    2.829    0.000 linalg.py:111(isComplexType)
4215987/4215967    1.397    0.000    1.397    0.000 {built-in method issubclass}
    223/2    0.002    0.000    0.935    0.467 <frozen importlib._bootstrap>:2234(_find_and_load)
    223/2    0.002    0.000    0.935    0.467 <frozen importlib._bootstrap>:2207(_find_and_load_unlocked)
    216/2    0.001    0.000    0.934    0.467 <frozen importlib._bootstrap>:1186(_load_unlocked)
    159/2    0.000    0.000    0.934    0.467 <frozen importlib._bootstrap>:1122(_exec)
    159/2    0.001    0.000    0.934    0.467 <frozen importlib._bootstrap>:1465(exec_module)
    261/2    0.000    0.000    0.934    0.467 <frozen importlib._bootstrap>:313(_call_with_frames_removed)
        1    0.029    0.029    0.622    0.622 {built-in method set_mode}
        1    0.000    0.000    0.592    0.592 pkgdata.py:18(<module>)
        1    0.000    0.000    0.589    0.589 pkg_resources.py:15(<module>)
        1    0.000    0.000    0.493    0.493 pkg_resources.py:752(subscribe)
      100    0.000    0.000    0.492    0.005 pkg_resources.py:2888(<lambda>)
      100    0.001    0.000    0.492    0.005 pkg_resources.py:2418(activate)
     1501    0.479    0.000    0.479    0.000 {built-in method stat}
      103    0.001    0.000    0.473    0.005 pkg_resources.py:2413(_get_metadata)
       61    0.000    0.000    0.472    0.008 pkg_resources.py:1398(has_metadata)
       62    0.000    0.000    0.471    0.008 pkg_resources.py:1501(_has)
       62    0.001    0.000    0.471    0.008 genericpath.py:16(exists)
        1    0.000    0.000    0.342    0.342 controller.py:1(<module>)
        1    0.000    0.000    0.340    0.340 __init__.py:25(<module>)
       94    0.017    0.000    0.295    0.003 front.py:17(update_frame)
    57/53    0.000    0.000    0.268    0.005 <frozen importlib._bootstrap>:1156(_load_backward_compatible)
        1    0.257    0.257    0.257    0.257 {built-in method quit}
  202/198    0.000    0.000    0.247    0.001 <frozen importlib._bootstrap>:534(_check_name_wrapper)
    43/41    0.000    0.000    0.246    0.006 <frozen importlib._bootstrap>:1708(load_module)
    43/41    0.238    0.006    0.245    0.006 {built-in method load_dynamic}
        5    0.000    0.000    0.221    0.044 __init__.py:1(<module>)
   319/11    0.001    0.000    0.157    0.014 {built-in method __import__}
  816/109    0.001    0.000    0.156    0.001 <frozen importlib._bootstrap>:2264(_handle_fromlist)
        1    0.000    0.000    0.145    0.145 surfarray.py:61(<module>)
       94    0.143    0.002    0.143    0.002 {built-in method update}
        1    0.000    0.000    0.142    0.142 _numpysurfarray.py:45(<module>)
        1    0.000    0.000    0.141    0.141 __init__.py:106(<module>)
        1    0.000    0.000    0.118    0.118 add_newdocs.py:10(<module>)
        1    0.000    0.000    0.102    0.102 type_check.py:3(<module>)
    28200    0.042    0.000    0.079    0.000 front.py:12(draw_circ)
    28200    0.060    0.000    0.060    0.000 model.py:37(boundscheck)
        1    0.058    0.058    0.058    0.058 {built-in method init}
       94    0.056    0.001    0.056    0.001 {method 'fill' of 'pygame.Surface' objects}
        1    0.000    0.000    0.051    0.051 __init__.py:7(<module>)
      159    0.002    0.000    0.041    0.000 <frozen importlib._bootstrap>:1534(get_code)
    28200    0.037    0.000    0.037    0.000 {built-in method filled_circle}
        1    0.000    0.000    0.037    0.037 utils.py:4(<module>)
    28200    0.036    0.000    0.036    0.000 model.py:13(move)
      439    0.009    0.000    0.033    0.000 <frozen importlib._bootstrap>:2016(find_spec)
      220    0.002    0.000    0.029    0.000 <frozen importlib._bootstrap>:2147(_find_spec)
        1    0.000    0.000    0.028    0.028 plistlib.py:47(<module>)
        1    0.000    0.000    0.027    0.027 shutil.py:5(<module>)
      159    0.001    0.000    0.027    0.000 <frozen importlib._bootstrap>:654(_compile_bytecode)
      568    0.001    0.000    0.026    0.000 re.py:273(_compile)
      159    0.026    0.000    0.026    0.000 {built-in method loads}
       59    0.000    0.000    0.025    0.000 re.py:217(compile)
       58    0.000    0.000    0.025    0.000 sre_compile.py:460(compile)
      206    0.000    0.000    0.025    0.000 <frozen importlib._bootstrap>:1934(find_spec)
      206    0.001    0.000    0.024    0.000 <frozen importlib._bootstrap>:1902(_get_spec)
        1    0.000    0.000    0.023    0.023 bz2.py:5(<module>)
       28    0.000    0.000    0.022    0.001 <frozen importlib._bootstrap>:546(_requires_builtin_wrapper)
       14    0.000    0.000    0.022    0.002 <frozen importlib._bootstrap>:1287(load_module)
       14    0.022    0.002    0.022    0.002 {built-in method init_builtin}
        1    0.000    0.000    0.021    0.021 expat.py:1(<module>)
  439/436    0.010    0.000    0.021    0.000 {built-in method __build_class__}
        1    0.000    0.000    0.019    0.019 parser.py:5(<module>)
        1    0.000    0.000    0.019    0.019 feedparser.py:20(<module>)
        1    0.000    0.000    0.016    0.016 message.py:5(<module>)
       14    0.000    0.000    0.016    0.001 pkg_resources.py:477(add_entry)
        1    0.000    0.000    0.016    0.016 platform.py:10(<module>)
        2    0.000    0.000    0.015    0.007 __init__.py:45(<module>)
       58    0.000    0.000    0.015    0.000 sre_parse.py:750(parse)
   169/58    0.001    0.000    0.014    0.000 sre_parse.py:363(_parse_sub)
   194/63    0.004    0.000    0.013    0.000 sre_parse.py:441(_parse)
      218    0.002    0.000    0.013    0.000 pkg_resources.py:1888(find_on_path)
      101    0.000    0.000    0.013    0.000 pkg_resources.py:1955(_handle_ns)
      100    0.001    0.000    0.013    0.000 pkg_resources.py:2014(fixup_namespace_packages)
      101    0.000    0.000    0.013    0.000 <frozen importlib._bootstrap>:566(_find_module_shim)
      101    0.000    0.000    0.012    0.000 <frozen importlib._bootstrap>:1999(find_loader)
        1    0.000    0.000    0.012    0.012 utils.py:5(<module>)
     2846    0.004    0.000    0.010    0.000 <frozen importlib._bootstrap>:50(_path_join)
       58    0.000    0.000    0.010    0.000 sre_compile.py:445(_code)
        1    0.002    0.002    0.009    0.009 model.py:18(__init__)
       11    0.000    0.000    0.009    0.001 __init__.py:297(namedtuple)
     1109    0.001    0.000    0.008    0.000 <frozen importlib._bootstrap>:68(_path_stat)
        1    0.000    0.000    0.008    0.008 pkg_resources.py:435(_build_master)
        1    0.000    0.000    0.008    0.008 pkg_resources.py:422(__init__)
        1    0.000    0.000    0.007    0.007 tempfile.py:16(<module>)
        1    0.000    0.000    0.007    0.007 case.py:1(<module>)
       95    0.007    0.000    0.007    0.000 {method 'tick' of 'Clock' objects}
      204    0.001    0.000    0.006    0.000 pkg_resources.py:2294(from_location)
        1    0.000    0.000    0.006    0.006 numeric.py:1(<module>)
        1    0.000    0.000    0.006    0.006 random.py:37(<module>)
      159    0.003    0.000    0.006    0.000 <frozen importlib._bootstrap>:1621(get_data)
      300    0.001    0.000    0.006    0.000 model.py:7(__init__)
   365/58    0.002    0.000    0.006    0.000 sre_compile.py:33(_compile)
      159    0.000    0.000    0.006    0.000 <frozen importlib._bootstrap>:1099(create)
        1    0.000    0.000    0.006    0.006 zipfile.py:5(<module>)
        1    0.000    0.000    0.005    0.005 __init__.py:15(<module>)
     2846    0.004    0.000    0.005    0.000 <frozen importlib._bootstrap>:52(<listcomp>)
        1    0.000    0.000    0.005    0.005 __init__.py:9(<module>)
     2248    0.001    0.000    0.005    0.000 sre_parse.py:220(get)
     2690    0.004    0.000    0.005    0.000 sre_parse.py:195(__next)
      159    0.001    0.000    0.004    0.000 <frozen importlib._bootstrap>:1019(init_module_attrs)
        1    0.000    0.000    0.004    0.004 __init__.py:38(<module>)
      511    0.001    0.000    0.004    0.000 <frozen importlib._bootstrap>:78(_path_is_mode_type)
        1    0.000    0.000    0.004    0.004 hashlib.py:53(<module>)
      462    0.000    0.000    0.004    0.000 <frozen importlib._bootstrap>:87(_path_isfile)
      100    0.002    0.000    0.004    0.000 pkg_resources.py:2494(insert_on)
        1    0.000    0.000    0.004    0.004 index_tricks.py:1(<module>)
       58    0.000    0.000    0.004    0.000 sre_compile.py:341(_compile_info)
      223    0.001    0.000    0.004    0.000 <frozen importlib._bootstrap>:261(__enter__)
        5    0.001    0.000    0.004    0.001 enum.py:88(__new__)
        1    0.000    0.000    0.003    0.003 ctypeslib.py:51(<module>)
        1    0.000    0.000    0.003    0.003 __init__.py:24(<module>)
        1    0.000    0.000    0.003    0.003 subprocess.py:345(<module>)
      318    0.001    0.000    0.003    0.000 <frozen importlib._bootstrap>:437(cache_from_source)
       95    0.003    0.000    0.003    0.000 {built-in method get}
      204    0.001    0.000    0.003    0.000 pkg_resources.py:2282(__init__)
      159    0.002    0.000    0.003    0.000 <frozen importlib._bootstrap>:599(_validate_bytecode_header)
        1    0.000    0.000    0.003    0.003 traceback.py:1(<module>)
  522/215    0.003    0.000    0.003    0.000 sre_parse.py:152(getwidth)
        1    0.000    0.000    0.003    0.003 socket.py:45(<module>)
        1    0.000    0.000    0.003    0.003 linecache.py:6(<module>)
      159    0.003    0.000    0.003    0.000 {method 'read' of '_io.FileIO' objects}
      363    0.001    0.000    0.003    0.000 <frozen importlib._bootstrap>:293(_lock_unlock_module)
      586    0.002    0.000    0.003    0.000 <frozen importlib._bootstrap>:274(_get_module_lock)
        1    0.000    0.000    0.002    0.002 polynomial.py:4(<module>)
      318    0.001    0.000    0.002    0.000 <frozen importlib._bootstrap>:824(cached)
        1    0.000    0.000    0.002    0.002 parse.py:28(<module>)
      204    0.001    0.000    0.002    0.000 pkg_resources.py:553(add)
        1    0.000    0.000    0.002    0.002 enum.py:1(<module>)
        1    0.000    0.000    0.002    0.002 string.py:15(<module>)
        1    0.000    0.000    0.002    0.002 __init__.py:88(<module>)
        1    0.000    0.000    0.002    0.002 _internal.py:6(<module>)
        1    0.000    0.000    0.002    0.002 polynomial.py:55(<module>)
        1    0.000    0.000    0.002    0.002 string.py:61(__init__)
        1    0.000    0.000    0.002    0.002 datetime.py:5(<module>)
       80    0.002    0.000    0.002    0.000 {built-in method __new__ of type object at 0x9ceec0}
        1    0.000    0.000    0.002    0.002 tokenize.py:21(<module>)
     2619    0.002    0.000    0.002    0.000 {built-in method hasattr}
      202    0.001    0.000    0.002    0.000 <frozen importlib._bootstrap>:2011(_get_spec)
        1    0.000    0.000    0.002    0.002 _policybase.py:4(<module>)
     4713    0.002    0.000    0.002    0.000 {built-in method isinstance}
        1    0.000    0.000    0.002    0.002 numerictypes.py:82(<module>)
       33    0.002    0.000    0.002    0.000 {built-in method listdir}
      137    0.000    0.000    0.002    0.000 sre_compile.py:172(_compile_charset)
      300    0.000    0.000    0.002    0.000 random.py:214(randint)
        1    0.000    0.000    0.002    0.002 lzma.py:9(<module>)
      408    0.000    0.000    0.002    0.000 re.py:168(sub)
     2397    0.002    0.000    0.002    0.000 {method 'format' of 'str' objects}
      274    0.001    0.000    0.002    0.000 function_base.py:3251(add_newdoc)
        3    0.000    0.000    0.002    0.001 enum.py:196(__call__)
        1    0.000    0.000    0.002    0.002 pickle.py:24(<module>)
       82    0.000    0.000    0.002    0.000 <frozen importlib._bootstrap>:2322(__import__)
        1    0.000    0.000    0.002    0.002 core.py:21(<module>)
        3    0.000    0.000    0.002    0.001 enum.py:295(_create_)
        1    0.000    0.000    0.002    0.002 selectors.py:5(<module>)
      218    0.000    0.000    0.002    0.000 genericpath.py:39(isdir)
        2    0.000    0.000    0.002    0.001 function_base.py:1(<module>)
     1475    0.001    0.000    0.002    0.000 sre_parse.py:142(__getitem__)
      300    0.001    0.000    0.002    0.000 random.py:170(randrange)
      586    0.002    0.000    0.002    0.000 <frozen importlib._bootstrap>:192(acquire)
      164    0.000    0.000    0.002    0.000 <frozen importlib._bootstrap>:2240(_gcd_import)
       17    0.000    0.000    0.002    0.000 abc.py:132(__new__)
     6142    0.002    0.000    0.002    0.000 {method 'rstrip' of 'str' objects}
        1    0.000    0.000    0.002    0.002 npyio.py:1(<module>)
      338    0.000    0.000    0.002    0.000 <frozen importlib._bootstrap>:1870(_path_importer_cache)
      417    0.001    0.000    0.002    0.000 posixpath.py:70(join)
     3257    0.001    0.000    0.002    0.000 {method 'join' of 'str' objects}
      137    0.001    0.000    0.002    0.000 sre_compile.py:201(_optimize_charset)
        1    0.000    0.000    0.001    0.001 charset.py:6(<module>)
     2748    0.001    0.000    0.001    0.000 <frozen importlib._bootstrap>:518(_verbose_message)
      204    0.000    0.000    0.001    0.000 pkg_resources.py:1154(safe_name)
      121    0.001    0.000    0.001    0.000 posixpath.py:145(dirname)
     2365    0.001    0.000    0.001    0.000 {built-in method getattr}
      604    0.001    0.000    0.001    0.000 pkg_resources.py:2350(key)
      586    0.001    0.000    0.001    0.000 <frozen importlib._bootstrap>:217(release)
      202    0.001    0.000    0.001    0.000 <frozen importlib._bootstrap>:884(spec_from_file_location)
        1    0.000    0.000    0.001    0.001 header.py:5(<module>)
      159    0.001    0.000    0.001    0.000 <frozen importlib._bootstrap>:739(__exit__)
      159    0.000    0.000    0.001    0.000 <frozen importlib._bootstrap>:1631(path_stats)
      223    0.000    0.000    0.001    0.000 <frozen importlib._bootstrap>:268(__exit__)
        1    0.000    0.000    0.001    0.001 result.py:1(<module>)
8779/8590    0.001    0.000    0.001    0.000 {built-in method len}
        1    0.000    0.000    0.001    0.001 sprite.py:67(<module>)
        1    0.000    0.000    0.001    0.001 arrayprint.py:5(<module>)
       19    0.000    0.000    0.001    0.000 <frozen importlib._bootstrap>:2061(_fill_cache)
        2    0.000    0.000    0.001    0.001 pkg_resources.py:1982(declare_namespace)
        2    0.000    0.000    0.001    0.001 imp.py:255(find_module)
      600    0.001    0.000    0.001    0.000 random.py:342(uniform)
      204    0.000    0.000    0.001    0.000 pkg_resources.py:1162(safe_version)
      204    0.000    0.000    0.001    0.000 posixpath.py:115(splitext)
     1075    0.000    0.000    0.001    0.000 sre_parse.py:214(match)
        1    0.000    0.000    0.001    0.001 difflib.py:27(<module>)
        1    0.000    0.000    0.001    0.001 _parseaddr.py:7(<module>)
        1    0.000    0.000    0.001    0.001 queue.py:1(<module>)
      408    0.001    0.000    0.001    0.000 {method 'sub' of '_sre.SRE_Pattern' objects}
      300    0.001    0.000    0.001    0.000 random.py:220(_randbelow)
        1    0.000    0.000    0.001    0.001 linalg.py:10(<module>)
        1    0.000    0.000    0.001    0.001 zipfile.py:627(ZipExtFile)
     5711    0.001    0.000    0.001    0.000 {method 'append' of 'list' objects}
      565    0.000    0.000    0.001    0.000 posixpath.py:38(_get_sep)
      220    0.000    0.000    0.001    0.000 <frozen importlib._bootstrap>:1266(find_spec)
        1    0.000    0.000    0.001    0.001 util.py:1(<module>)
        1    0.000    0.000    0.001    0.001 sndarray.py:58(<module>)
        6    0.000    0.000    0.001    0.000 _collections_abc.py:581(update)
        1    0.000    0.000    0.001    0.001 _collections_abc.py:573(clear)
       18    0.000    0.000    0.001    0.000 <frozen importlib._bootstrap>:1853(_path_hooks)
       66    0.000    0.000    0.001    0.000 pkg_resources.py:1462(_fn)
        1    0.000    0.000    0.001    0.001 tarfile.py:30(<module>)
      307    0.001    0.000    0.001    0.000 pkg_resources.py:2454(__getattr__)
      262    0.000    0.000    0.001    0.000 {built-in method any}
       76    0.000    0.000    0.001    0.000 _collections_abc.py:561(popitem)
        1    0.000    0.000    0.001    0.001 front.py:1(<module>)
      100    0.001    0.000    0.001    0.000 pkg_resources.py:2503(<listcomp>)
        1    0.000    0.000    0.001    0.001 __init__.py:10(<module>)
        3    0.000    0.000    0.001    0.000 warnings.py:29(filterwarnings)
      361    0.000    0.000    0.001    0.000 <frozen importlib._bootstrap>:56(_path_split)
      232    0.001    0.000    0.001    0.000 <frozen importlib._bootstrap>:172(__init__)
      306    0.001    0.000    0.001    0.000 {method 'match' of '_sre.SRE_Pattern' objects}
        1    0.000    0.000    0.001    0.001 __init__.py:3(<module>)
        1    0.000    0.000    0.001    0.001 pkg_resources.py:1564(MemoizedZipManifests)
        1    0.000    0.000    0.001    0.001 errors.py:5(<module>)
      204    0.000    0.000    0.001    0.000 genericpath.py:111(_splitext)
        1    0.000    0.000    0.001    0.001 loader.py:1(<module>)
       19    0.000    0.000    0.001    0.000 <frozen importlib._bootstrap>:2102(path_hook_for_FileFinder)
      614    0.000    0.000    0.001    0.000 pkg_resources.py:2054(_normalize_cached)
        1    0.000    0.000    0.001    0.001 random.py:84(__init__)
        1    0.000    0.000    0.001    0.001 random.py:93(seed)
       40    0.000    0.000    0.001    0.000 core.py:109(get_object_signature)
     2406    0.001    0.000    0.001    0.000 {method 'endswith' of 'str' objects}
     21/8    0.000    0.000    0.001    0.000 abc.py:194(__subclasscheck__)
      159    0.001    0.000    0.001    0.000 <frozen importlib._bootstrap>:129(_new_module)
     1353    0.001    0.000    0.001    0.000 {method 'rpartition' of 'str' objects}
        9    0.000    0.000    0.001    0.000 datetime.py:302(__new__)
      112    0.000    0.000    0.001    0.000 genericpath.py:27(isfile)
       81    0.000    0.000    0.001    0.000 sre_parse.py:265(_class_escape)
        1    0.000    0.000    0.000    0.000 numbers.py:6(<module>)
        1    0.000    0.000    0.000    0.000 fromnumeric.py:3(<module>)
        1    0.000    0.000    0.000    0.000 argparse.py:62(<module>)
       57    0.000    0.000    0.000    0.000 <frozen importlib._bootstrap>:147(__exit__)
       23    0.000    0.000    0.000    0.000 core.py:6058(__init__)
        1    0.000    0.000    0.000    0.000 {built-in method urandom}
        5    0.000    0.000    0.000    0.000 __init__.py:41(__init__)
       49    0.000    0.000    0.000    0.000 <frozen importlib._bootstrap>:92(_path_isdir)
       23    0.000    0.000    0.000    0.000 core.py:6063(getdoc)
      664    0.000    0.000    0.000    0.000 sre_parse.py:150(append)
        1    0.000    0.000    0.000    0.000 base64mime.py:25(<module>)
        1    0.000    0.000    0.000    0.000 runner.py:1(<module>)
      318    0.000    0.000    0.000    0.000 <frozen importlib._bootstrap>:45(_r_long)
      632    0.000    0.000    0.000    0.000 <frozen importlib._bootstrap>:2124(__exit__)
      157    0.000    0.000    0.000    0.000 sre_compile.py:315(_simple)
      250    0.000    0.000    0.000    0.000 <frozen importlib._bootstrap>:790(__init__)
        1    0.000    0.000    0.000    0.000 utils.py:1(<module>)
      156    0.000    0.000    0.000    0.000 os.py:628(__getitem__)
        1    0.000    0.000    0.000    0.000 pickle.py:180(<listcomp>)
      632    0.000    0.000    0.000    0.000 <frozen importlib._bootstrap>:2120(__enter__)
        6    0.000    0.000    0.000    0.000 abc.py:178(__instancecheck__)
     1607    0.000    0.000    0.000    0.000 {method 'startswith' of 'str' objects}
      100    0.000    0.000    0.000    0.000 {method 'index' of 'list' objects}
        1    0.000    0.000    0.000    0.000 fftpack.py:32(<module>)
      101    0.000    0.000    0.000    0.000 re.py:153(match)
       43    0.000    0.000    0.000    0.000 <frozen importlib._bootstrap>:1726(is_package)
       67    0.000    0.000    0.000    0.000 _weakrefset.py:36(__init__)
      101    0.000    0.000    0.000    0.000 pkg_resources.py:536(__iter__)
       58    0.000    0.000    0.000    0.000 sre_parse.py:190(__init__)
       72    0.000    0.000    0.000    0.000 {built-in method is_builtin}
      383    0.000    0.000    0.000    0.000 os.py:704(encode)
        1    0.000    0.000    0.000    0.000 calendar.py:6(<module>)
        1    0.000    0.000    0.000    0.000 extras.py:10(<module>)
       54    0.000    0.000    0.000    0.000 enum.py:51(__setitem__)
      206    0.000    0.000    0.000    0.000 <frozen importlib._bootstrap>:1336(find_spec)
      489    0.000    0.000    0.000    0.000 _collections_abc.py:502(__iter__)
        1    0.000    0.000    0.000    0.000 threading.py:1(<module>)
        1    0.000    0.000    0.000    0.000 os.py:663(copy)
       17    0.000    0.000    0.000    0.000 abc.py:135(<setcomp>)
       19    0.000    0.000    0.000    0.000 <frozen importlib._bootstrap>:1979(__init__)
       76    0.000    0.000    0.000    0.000 os.py:636(__setitem__)
        1    0.000    0.000    0.000    0.000 numerictypes.py:305(_add_aliases)
        3    0.000    0.000    0.000    0.000 pkg_resources.py:1412(get_metadata_lines)
       31    0.000    0.000    0.000    0.000 {built-in method warn}
      544    0.000    0.000    0.000    0.000 {method 'rfind' of 'str' objects}
        1    0.000    0.000    0.000    0.000 pkg_resources.py:2577(DistInfoDistribution)
        3    0.000    0.000    0.000    0.000 pkg_resources.py:1407(get_metadata)
        6    0.000    0.000    0.000    0.000 pkg_resources.py:2050(normalize_path)
       14    0.000    0.000    0.000    0.000 <frozen importlib._bootstrap>:859(spec_from_loader)
      119    0.000    0.000    0.000    0.000 sre_parse.py:307(_escape)
      559    0.000    0.000    0.000    0.000 sre_parse.py:138(__len__)
      110    0.000    0.000    0.000    0.000 {built-in method getcwd}
     1650    0.000    0.000    0.000    0.000 {method 'lower' of 'str' objects}
        6    0.000    0.000    0.000    0.000 posixpath.py:369(realpath)
        1    0.000    0.000    0.000    0.000 message.py:106(Message)
      365    0.000    0.000    0.000    0.000 sre_parse.py:90(__init__)
     1320    0.000    0.000    0.000    0.000 {built-in method release_lock}
        1    0.000    0.000    0.000    0.000 _encoded_words.py:6(<module>)
        1    0.000    0.000    0.000    0.000 colordict.py:21(<module>)
      769    0.000    0.000    0.000    0.000 {built-in method min}
       40    0.000    0.000    0.000    0.000 _inspect.py:120(getargspec)
        4    0.000    0.000    0.000    0.000 {built-in method dir}
       35    0.000    0.000    0.000    0.000 sre_parse.py:224(getwhile)
       31    0.000    0.000    0.000    0.000 _inspect.py:159(formatargspec)
        3    0.000    0.000    0.000    0.000 pkg_resources.py:1513(_get)
        6    0.000    0.000    0.000    0.000 abc.py:151(register)
      204    0.000    0.000    0.000    0.000 {method 'group' of '_sre.SRE_Match' objects}
       18    0.000    0.000    0.000    0.000 sre_compile.py:302(_mk_bitmap)
     1173    0.000    0.000    0.000    0.000 {built-in method get_ident}
     1200    0.000    0.000    0.000    0.000 {method 'random' of '_random.Random' objects}
       75    0.000    0.000    0.000    0.000 os.py:642(__delitem__)
      115    0.000    0.000    0.000    0.000 pkgutil.py:397(get_importer)
        1    0.000    0.000    0.000    0.000 pkgdata.py:34(getResource)
        1    0.000    0.000    0.000    0.000 __init__.py:266(_reset_cache)
      521    0.000    0.000    0.000    0.000 {method 'get' of 'dict' objects}
      269    0.000    0.000    0.000    0.000 {built-in method add_docstring}
      104    0.000    0.000    0.000    0.000 {method 'extend' of 'list' objects}
      159    0.000    0.000    0.000    0.000 <frozen importlib._bootstrap>:842(parent)
       19    0.000    0.000    0.000    0.000 nosetester.py:181(__init__)
      273    0.000    0.000    0.000    0.000 {method 'strip' of 'str' objects}
        1    0.000    0.000    0.000    0.000 _iotools.py:3(<module>)
        6    0.000    0.000    0.000    0.000 posixpath.py:377(_joinrealpath)
        1    0.000    0.000    0.000    0.000 defmatrix.py:1(<module>)
      225    0.000    0.000    0.000    0.000 os.py:651(__iter__)
      297    0.000    0.000    0.000    0.000 os.py:708(decode)
      636    0.000    0.000    0.000    0.000 <frozen importlib._bootstrap>:742(<genexpr>)
        1    0.000    0.000    0.000    0.000 quoprimime.py:27(<module>)
      196    0.000    0.000    0.000    0.000 {built-in method setattr}
      319    0.000    0.000    0.000    0.000 {built-in method from_bytes}
      898    0.000    0.000    0.000    0.000 {built-in method acquire_lock}
        1    0.000    0.000    0.000    0.000 imp.py:7(<module>)
       33    0.000    0.000    0.000    0.000 _weakrefset.py:58(__iter__)
        1    0.000    0.000    0.000    0.000 socket.py:70(<dictcomp>)
      446    0.000    0.000    0.000    0.000 {method 'getrandbits' of '_random.Random' objects}
       93    0.000    0.000    0.000    0.000 sre_parse.py:72(opengroup)
      223    0.000    0.000    0.000    0.000 <frozen importlib._bootstrap>:257(__init__)
      164    0.000    0.000    0.000    0.000 <frozen importlib._bootstrap>:2187(_sanity_check)
        1    0.000    0.000    0.000    0.000 socket.py:75(<dictcomp>)
       14    0.000    0.000    0.000    0.000 pkg_resources.py:1856(find_distributions)
      208    0.000    0.000    0.000    0.000 {built-in method is_frozen}
        1    0.000    0.000    0.000    0.000 os.py:40(_get_exports_list)
       30    0.000    0.000    0.000    0.000 enum.py:282(__setattr__)
        1    0.000    0.000    0.000    0.000 numerictypes.py:964(_register_types)
       26    0.000    0.000    0.000    0.000 numerictypes.py:233(bitname)
        3    0.000    0.000    0.000    0.000 numeric.py:351(extend_all)
      159    0.000    0.000    0.000    0.000 <frozen importlib._bootstrap>:1591(__init__)
       58    0.000    0.000    0.000    0.000 {built-in method compile}
        9    0.000    0.000    0.000    0.000 extras.py:241(__init__)
      159    0.000    0.000    0.000    0.000 <frozen importlib._bootstrap>:732(__enter__)
        4    0.000    0.000    0.000    0.000 {built-in method open}
        9    0.000    0.000    0.000    0.000 extras.py:245(getdoc)
      698    0.000    0.000    0.000    0.000 {built-in method chr}
       27    0.000    0.000    0.000    0.000 core.py:829(__init__)
       52    0.000    0.000    0.000    0.000 __init__.py:362(<genexpr>)
      159    0.000    0.000    0.000    0.000 {built-in method _fix_co_filename}
       93    0.000    0.000    0.000    0.000 sre_parse.py:83(closegroup)
      228    0.000    0.000    0.000    0.000 {method 'replace' of 'str' objects}
       31    0.000    0.000    0.000    0.000 _inspect.py:61(getargs)
      373    0.000    0.000    0.000    0.000 {method 'find' of 'bytearray' objects}
        1    0.000    0.000    0.000    0.000 _import_tools.py:1(<module>)
      420    0.000    0.000    0.000    0.000 {method 'partition' of 'str' objects}
        2    0.000    0.000    0.000    0.000 pkg_resources.py:226(get_provider)
        1    0.000    0.000    0.000    0.000 datetime.py:1808(timezone)
      403    0.000    0.000    0.000    0.000 {method 'encode' of 'str' objects}
      467    0.000    0.000    0.000    0.000 {built-in method allocate_lock}
        1    0.000    0.000    0.000    0.000 records.py:36(<module>)
      216    0.000    0.000    0.000    0.000 <frozen importlib._bootstrap>:1000(__init__)
        1    0.000    0.000    0.000    0.000 core.py:2581(MaskedArray)
      159    0.000    0.000    0.000    0.000 <frozen importlib._bootstrap>:728(__init__)
      439    0.000    0.000    0.000    0.000 <frozen importlib._bootstrap>:34(_relax_case)
       89    0.000    0.000    0.000    0.000 {method 'split' of 'str' objects}
        1    0.000    0.000    0.000    0.000 _polybase.py:8(<module>)
        1    0.000    0.000    0.000    0.000 defchararray.py:17(<module>)
        8    0.000    0.000    0.000    0.000 core.py:7285(__init__)
      531    0.000    0.000    0.000    0.000 __init__.py:83(__iter__)
       76    0.000    0.000    0.000    0.000 {built-in method next}
      116    0.000    0.000    0.000    0.000 _collections_abc.py:481(__iter__)
        1    0.000    0.000    0.000    0.000 enum.py:434(Enum)
        1    0.000    0.000    0.000    0.000 pkg_resources.py:419(WorkingSet)
        2    0.000    0.000    0.000    0.000 pkg_resources.py:1480(__init__)
        1    0.000    0.000    0.000    0.000 polyutils.py:45(<module>)
      425    0.000    0.000    0.000    0.000 {method 'setdefault' of 'dict' objects}
        1    0.000    0.000    0.000    0.000 pkg_resources.py:941(resource_exists)
       76    0.000    0.000    0.000    0.000 {built-in method putenv}
      116    0.000    0.000    0.000    0.000 sre_compile.py:442(isstring)
        3    0.000    0.000    0.000    0.000 __init__.py:73(CFUNCTYPE)
        5    0.000    0.000    0.000    0.000 enum.py:387(_find_new_)
        1    0.000    0.000    0.000    0.000 pkg_resources.py:957(resource_stream)
       18    0.000    0.000    0.000    0.000 sre_compile.py:304(<listcomp>)
        1    0.000    0.000    0.000    0.000 suite.py:1(<module>)
        9    0.000    0.000    0.000    0.000 functools.py:43(update_wrapper)
        1    0.000    0.000    0.000    0.000 chebyshev.py:87(<module>)
        1    0.000    0.000    0.000    0.000 hermite.py:59(<module>)
       58    0.000    0.000    0.000    0.000 sre_parse.py:738(fix_flags)
        1    0.000    0.000    0.000    0.000 symbol.py:3(<module>)
        8    0.000    0.000    0.000    0.000 core.py:7290(getdoc)
      300    0.000    0.000    0.000    0.000 {method 'decode' of 'bytes' objects}
       41    0.000    0.000    0.000    0.000 enum.py:8(_is_descriptor)
       58    0.000    0.000    0.000    0.000 sre_parse.py:67(__init__)
        1    0.000    0.000    0.000    0.000 laguerre.py:59(<module>)
        1    0.000    0.000    0.000    0.000 legendre.py:83(<module>)
      124    0.000    0.000    0.000    0.000 pkg_resources.py:1825(__init__)
        1    0.000    0.000    0.000    0.000 hermite_e.py:59(<module>)
       39    0.000    0.000    0.000    0.000 __init__.py:58(__setitem__)
       75    0.000    0.000    0.000    0.000 {built-in method unsetenv}
      232    0.000    0.000    0.000    0.000 <frozen importlib._bootstrap>:288(cb)
        1    0.000    0.000    0.000    0.000 numerictypes.py:289(_add_types)
        1    0.000    0.000    0.000    0.000 calendar.py:47(_localized_month)
        4    0.000    0.000    0.000    0.000 contextlib.py:96(contextmanager)
       20    0.000    0.000    0.000    0.000 posixpath.py:158(islink)
        1    0.000    0.000    0.000    0.000 _endian.py:1(<module>)
       14    0.000    0.000    0.000    0.000 __init__.py:142(_check_size)
      215    0.000    0.000    0.000    0.000 <frozen importlib._bootstrap>:1729(<genexpr>)
       23    0.000    0.000    0.000    0.000 {built-in method calcsize}
        1    0.000    0.000    0.000    0.000 memmap.py:1(<module>)
        1    0.000    0.000    0.000    0.000 _datasource.py:35(<module>)
       52    0.000    0.000    0.000    0.000 __init__.py:360(<genexpr>)
       26    0.000    0.000    0.000    0.000 {method 'update' of 'dict' objects}
        1    0.000    0.000    0.000    0.000 quoprimime.py:55(<listcomp>)
      533    0.000    0.000    0.000    0.000 {built-in method ord}
       18    0.000    0.000    0.000    0.000 core.py:908(__init__)
        1    0.000    0.000    0.000    0.000 _policybase.py:99(_extend_docstrings)
        1    0.000    0.000    0.000    0.000 numerictypes.py:117(<listcomp>)
        2    0.000    0.000    0.000    0.000 pkg_resources.py:1484(_setup_prefix)
        1    0.000    0.000    0.000    0.000 scimath.py:17(<module>)
        1    0.000    0.000    0.000    0.000 collision.py:1(<module>)
        1    0.000    0.000    0.000    0.000 getlimits.py:3(<module>)
        1    0.000    0.000    0.000    0.000 _compat_pickle.py:8(<module>)
        1    0.000    0.000    0.000    0.000 pkg_resources.py:778(Environment)
       58    0.000    0.000    0.000    0.000 enum.py:16(_is_dunder)
      191    0.000    0.000    0.000    0.000 {built-in method getlower}
        3    0.000    0.000    0.000    0.000 __init__.py:479(PYFUNCTYPE)
        6    0.000    0.000    0.000    0.000 posixpath.py:355(abspath)
        1    0.000    0.000    0.000    0.000 token.py:1(<module>)
       54    0.000    0.000    0.000    0.000 {built-in method repr}
       16    0.000    0.000    0.000    0.000 pkg_resources.py:2818(_find_adapter)
        9    0.000    0.000    0.000    0.000 {built-in method round}
      228    0.000    0.000    0.000    0.000 <frozen importlib._bootstrap>:148(<genexpr>)
        1    0.000    0.000    0.000    0.000 __future__.py:48(<module>)
       72    0.000    0.000    0.000    0.000 numerictypes.py:131(english_lower)
      157    0.000    0.000    0.000    0.000 sre_parse.py:146(__setitem__)
       14    0.000    0.000    0.000    0.000 {built-in method access}
        3    0.000    0.000    0.000    0.000 datetime.py:1300(__new__)
        1    0.000    0.000    0.000    0.000 pkg_resources.py:129(get_supported_platform)
        2    0.000    0.000    0.000    0.000 shape_base.py:1(<module>)
        6    0.000    0.000    0.000    0.000 _collections_abc.py:429(__contains__)
        1    0.000    0.000    0.000    0.000 numerictypes.py:459(_set_array_types)
        1    0.000    0.000    0.000    0.000 pprint.py:35(<module>)
        1    0.000    0.000    0.000    0.000 <string>:1(<module>)
      112    0.000    0.000    0.000    0.000 {method 'translate' of 'str' objects}
       80    0.000    0.000    0.000    0.000 pkg_resources.py:1788(__init__)
       20    0.000    0.000    0.000    0.000 {built-in method lstat}
      100    0.000    0.000    0.000    0.000 pkg_resources.py:760(_added_new)
        1    0.000    0.000    0.000    0.000 pkg_resources.py:2869(_initialize)
       23    0.000    0.000    0.000    0.000 numerictypes.py:220(_evalname)
        1    0.000    0.000    0.000    0.000 result.py:24(TestResult)
        1    0.000    0.000    0.000    0.000 case.py:316(TestCase)
      300    0.000    0.000    0.000    0.000 {method 'bit_length' of 'int' objects}
       99    0.000    0.000    0.000    0.000 {method 'remove' of 'list' objects}
        1    0.000    0.000    0.000    0.000 nosetester.py:6(<module>)
      649    0.000    0.000    0.000    0.000 {method 'isupper' of 'str' objects}
        1    0.000    0.000    0.000    0.000 pkg_resources.py:256(get_build_platform)
       14    0.000    0.000    0.000    0.000 imp.py:103(get_suffixes)
        5    0.000    0.000    0.000    0.000 datetime.py:646(__new__)
        1    0.000    0.000    0.000    0.000 datetime.py:485(__neg__)
       21    0.000    0.000    0.000    0.000 _weakrefset.py:26(__exit__)
        1    0.000    0.000    0.000    0.000 linalg.py:76(_determine_error_states)
       57    0.000    0.000    0.000    0.000 <frozen importlib._bootstrap>:144(__enter__)
        1    0.000    0.000    0.000    0.000 _methods.py:5(<module>)
        1    0.000    0.000    0.000    0.000 signals.py:1(<module>)
        1    0.000    0.000    0.000    0.000 twodim_base.py:3(<module>)
      159    0.000    0.000    0.000    0.000 <frozen importlib._bootstrap>:1616(get_filename)
        2    0.000    0.000    0.000    0.000 {built-in method POINTER}
       14    0.000    0.000    0.000    0.000 posixpath.py:99(split)
      171    0.000    0.000    0.000    0.000 <frozen importlib._bootstrap>:1985(<genexpr>)
        4    0.000    0.000    0.000    0.000 result.py:12(failfast)
       74    0.000    0.000    0.000    0.000 _inspect.py:152(strseq)
       39    0.000    0.000    0.000    0.000 _collections_abc.py:441(items)
      159    0.000    0.000    0.000    0.000 <frozen importlib._bootstrap>:850(has_location)
        1    0.000    0.000    0.000    0.000 datetime.py:978(time)
       12    0.000    0.000    0.000    0.000 ctypeslib.py:303(prep_simple)
        1    0.000    0.000    0.000    0.000 token.py:71(<dictcomp>)
        1    0.000    0.000    0.000    0.000 machar.py:7(<module>)
        1    0.000    0.000    0.000    0.000 model.py:1(<module>)
        1    0.000    0.000    0.000    0.000 datetime.py:1290(datetime)
      218    0.000    0.000    0.000    0.000 {built-in method S_ISDIR}
        6    0.000    0.000    0.000    0.000 hashlib.py:98(__get_openssl_constructor)
        1    0.000    0.000    0.000    0.000 format.py:136(<module>)
        1    0.000    0.000    0.000    0.000 threading.py:1194(__init__)
        1    0.000    0.000    0.000    0.000 sysconfig.py:600(get_platform)
        1    0.000    0.000    0.000    0.000 uu.py:31(<module>)
        6    0.000    0.000    0.000    0.000 posixpath.py:318(normpath)
        1    0.000    0.000    0.000    0.000 __init__.py:335(__init__)
        1    0.000    0.000    0.000    0.000 numerictypes.py:788(_construct_lookups)
       38    0.000    0.000    0.000    0.000 _weakrefset.py:70(__contains__)
        1    0.000    0.000    0.000    0.000 numeric.py:358(<listcomp>)
        2    0.000    0.000    0.000    0.000 utils.py:113(deprecate)
        1    0.000    0.000    0.000    0.000 arrayterator.py:9(<module>)
        1    0.000    0.000    0.000    0.000 pkg_resources.py:1510(get_resource_stream)
       28    0.000    0.000    0.000    0.000 _weakrefset.py:81(add)
        5    0.000    0.000    0.000    0.000 enum.py:84(__prepare__)
       43    0.000    0.000    0.000    0.000 <frozen importlib._bootstrap>:1697(__init__)
        1    0.000    0.000    0.000    0.000 stride_tricks.py:7(<module>)
       57    0.000    0.000    0.000    0.000 <frozen importlib._bootstrap>:141(__init__)
       54    0.000    0.000    0.000    0.000 enum.py:24(_is_sunder)
        1    0.000    0.000    0.000    0.000 _version.py:7(<module>)
        1    0.000    0.000    0.000    0.000 {function Random.seed at 0x7f751ef5dae8}
       40    0.000    0.000    0.000    0.000 _inspect.py:15(ismethod)
        5    0.000    0.000    0.000    0.000 getlimits.py:244(__init__)
       14    0.000    0.000    0.000    0.000 py3k.py:28(asbytes)
       21    0.000    0.000    0.000    0.000 {built-in method empty}
       43    0.000    0.000    0.000    0.000 _inspect.py:163(<lambda>)
        1    0.000    0.000    0.000    0.000 _polybase.py:19(ABCPolyBase)
        2    0.000    0.000    0.000    0.000 _collections_abc.py:422(get)
        2    0.000    0.000    0.000    0.000 datetime.py:1002(__new__)
        1    0.000    0.000    0.000    0.000 fnmatch.py:11(<module>)
        1    0.000    0.000    0.000    0.000 lzma.py:38(LZMAFile)
       40    0.000    0.000    0.000    0.000 numerictypes.py:158(english_upper)
        6    0.000    0.000    0.000    0.000 pkg_resources.py:2069(yield_lines)
       91    0.000    0.000    0.000    0.000 {method 'items' of 'dict' objects}
        6    0.000    0.000    0.000    0.000 sre_compile.py:320(_generate_overlap_table)
        6    0.000    0.000    0.000    0.000 core.py:1054(__init__)
        1    0.000    0.000    0.000    0.000 os.py:44(<listcomp>)
        1    0.000    0.000    0.000    0.000 arraypad.py:5(<module>)
      147    0.000    0.000    0.000    0.000 {method 'add' of 'set' objects}
        1    0.000    0.000    0.000    0.000 zipfile.py:880(ZipFile)
        1    0.000    0.000    0.000    0.000 nanfunctions.py:16(<module>)
       21    0.000    0.000    0.000    0.000 _weakrefset.py:20(__enter__)
        9    0.000    0.000    0.000    0.000 core.py:2428(__init__)
        5    0.000    0.000    0.000    0.000 enum.py:342(_get_mixins_)
        1    0.000    0.000    0.000    0.000 pickle.py:974(_Unpickler)
       30    0.000    0.000    0.000    0.000 numerictypes.py:451(_add_array_type)
       76    0.000    0.000    0.000    0.000 {built-in method iter}
        1    0.000    0.000    0.000    0.000 financial.py:10(<module>)
       45    0.000    0.000    0.000    0.000 sre_compile.py:52(fixup)
        3    0.000    0.000    0.000    0.000 {method 'read' of '_io.BufferedReader' objects}
       63    0.000    0.000    0.000    0.000 abc.py:9(abstractmethod)
        4    0.000    0.000    0.000    0.000 pkg_resources.py:96(_declare_state)
        1    0.000    0.000    0.000    0.000 polynomial.py:1493(Polynomial)
       18    0.000    0.000    0.000    0.000 {method 'translate' of 'bytearray' objects}
      364    0.000    0.000    0.000    0.000 {built-in method globals}
        1    0.000    0.000    0.000    0.000 pkg_resources.py:1604(ZipProvider)
        1    0.000    0.000    0.000    0.000 datetime.py:283(timedelta)
        1    0.000    0.000    0.000    0.000 defchararray.py:1668(chararray)
        1    0.000    0.000    0.000    0.000 <string>:5(usage)
        1    0.000    0.000    0.000    0.000 numerictypes.py:346(_add_integer_aliases)
      342    0.000    0.000    0.000    0.000 sre_compile.py:25(_identityfunction)
        1    0.000    0.000    0.000    0.000 enum.py:510(IntEnum)
        1    0.000    0.000    0.000    0.000 __init__.py:1049(__init__)
        1    0.000    0.000    0.000    0.000 <string>:5(uname_result)
        6    0.000    0.000    0.000    0.000 _policybase.py:94(_append_doc)
       43    0.000    0.000    0.000    0.000 _collections_abc.py:462(__init__)
        1    0.000    0.000    0.000    0.000 base64.py:3(<module>)
        1    0.000    0.000    0.000    0.000 sysfont.py:21(<module>)
        1    0.000    0.000    0.000    0.000 pkg_resources.py:1395(has_resource)
        1    0.000    0.000    0.000    0.000 __init__.py:759(__init__)
        5    0.000    0.000    0.000    0.000 enum.py:47(__init__)
        1    0.000    0.000    0.000    0.000 _numpysndarray.py:34(<module>)
        1    0.000    0.000    0.000    0.000 datetime.py:616(date)
        1    0.000    0.000    0.000    0.000 case.py:43(_Outcome)
       30    0.000    0.000    0.000    0.000 {method 'get' of 'mappingproxy' objects}
        1    0.000    0.000    0.000    0.000 random.py:68(Random)
        1    0.000    0.000    0.000    0.000 arraysetops.py:26(<module>)
        5    0.000    0.000    0.000    0.000 datetime.py:252(_check_date_fields)
        1    0.000    0.000    0.000    0.000 argparse.py:153(HelpFormatter)
        1    0.000    0.000    0.000    0.000 pkg_resources.py:2278(Distribution)
        2    0.000    0.000    0.000    0.000 utils.py:69(__call__)
        1    0.000    0.000    0.000    0.000 <string>:5(SelectorKey)
        1    0.000    0.000    0.000    0.000 tempfile.py:645(SpooledTemporaryFile)
        2    0.000    0.000    0.000    0.000 pkg_resources.py:1382(__init__)
        1    0.000    0.000    0.000    0.000 threading.py:761(__init__)
        1    0.000    0.000    0.000    0.000 numerictypes.py:436(_construct_char_code_lookup)
       52    0.000    0.000    0.000    0.000 {method '__contains__' of 'frozenset' objects}
        4    0.000    0.000    0.000    0.000 enum.py:241(__getattr__)
        1    0.000    0.000    0.000    0.000 _iotools.py:468(StringConverter)
       40    0.000    0.000    0.000    0.000 _inspect.py:26(isfunction)
       12    0.000    0.000    0.000    0.000 posixpath.py:60(isabs)
        1    0.000    0.000    0.000    0.000 __init__.py:83(__init__)
        1    0.000    0.000    0.000    0.000 subprocess.py:742(Popen)
        1    0.000    0.000    0.000    0.000 ufunclike.py:5(<module>)
        2    0.000    0.000    0.000    0.000 charset.py:211(__init__)
        9    0.000    0.000    0.000    0.000 core.py:2434(getdoc)
        1    0.000    0.000    0.000    0.000 compat.py:2(<module>)
        4    0.000    0.000    0.000    0.000 copyreg.py:12(pickle)
       45    0.000    0.000    0.000    0.000 {built-in method divmod}
        1    0.000    0.000    0.000    0.000 numerictypes.py:387(_set_up_aliases)
        1    0.000    0.000    0.000    0.000 pkg_resources.py:1375(NullProvider)
       16    0.000    0.000    0.000    0.000 pkg_resources.py:2811(_get_mro)
        2    0.000    0.000    0.000    0.000 numeric.py:2428(seterr)
       32    0.000    0.000    0.000    0.000 {built-in method _getframe}
        1    0.000    0.000    0.000    0.000 pkg_resources.py:1189(MarkerEvaluation)
        1    0.000    0.000    0.000    0.000 numbers.py:32(Complex)
       80    0.000    0.000    0.000    0.000 {method 'isidentifier' of 'str' objects}
        5    0.000    0.000    0.000    0.000 enum.py:99(<dictcomp>)
       19    0.000    0.000    0.000    0.000 tokenize.py:110(group)
       14    0.000    0.000    0.000    0.000 numerictypes.py:185(english_capitalize)
        1    0.000    0.000    0.000    0.000 plistlib.py:312(_PlistParser)
        1    0.000    0.000    0.000    0.000 enum.py:82(EnumMeta)
        1    0.000    0.000    0.000    0.000 functools.py:406(decorating_function)
        1    0.000    0.000    0.000    0.000 numeric.py:2813(__enter__)
        8    0.000    0.000    0.000    0.000 functools.py:73(wraps)
        1    0.000    0.000    0.000    0.000 tarfile.py:718(TarInfo)
        1    0.000    0.000    0.000    0.000 encoders.py:5(<module>)
       81    0.000    0.000    0.000    0.000 {built-in method abs}
        1    0.000    0.000    0.000    0.000 argparse.py:1055(_SubParsersAction)
        1    0.000    0.000    0.000    0.000 helper.py:4(<module>)
        1    0.000    0.000    0.000    0.000 bz2.py:33(BZ2File)
        2    0.000    0.000    0.000    0.000 types.py:115(__init__)
        1    0.000    0.000    0.000    0.000 numeric.py:2824(_setdef)
        1    0.000    0.000    0.000    0.000 message.py:945(MIMEPart)
        1    0.000    0.000    0.000    0.000 _inspect.py:7(<module>)
        1    0.000    0.000    0.000    0.000 socket.py:112(socket)
       31    0.000    0.000    0.000    0.000 _inspect.py:39(iscode)
        3    0.000    0.000    0.000    0.000 {built-in method seterrobj}
        1    0.000    0.000    0.000    0.000 threading.py:742(Thread)
        4    0.000    0.000    0.000    0.000 _collections_abc.py:437(keys)
        1    0.000    0.000    0.000    0.000 _internal.py:196(_getintp_ctype)
        1    0.000    0.000    0.000    0.000 tarfile.py:1375(TarFile)
        1    0.000    0.000    0.000    0.000 py3k.py:4(<module>)
       21    0.000    0.000    0.000    0.000 _weakrefset.py:16(__init__)
        1    0.000    0.000    0.000    0.000 __init__.py:740(_addHandlerRef)
        1    0.000    0.000    0.000    0.000 pickle.py:348(_Pickler)
        1    0.000    0.000    0.000    0.000 warnings.py:58(simplefilter)
        1    0.000    0.000    0.000    0.000 <string>:5(ParseResult)
        1    0.000    0.000    0.000    0.000 weakref.py:101(__init__)
        1    0.000    0.000    0.000    0.000 info.py:83(<module>)
        1    0.000    0.000    0.000    0.000 selectors.py:70(BaseSelector)
       44    0.000    0.000    0.000    0.000 {built-in method proxy}
        1    0.000    0.000    0.000    0.000 <string>:5(TokenInfo)
        1    0.000    0.000    0.000    0.000 info.py:147(<module>)
        1    0.000    0.000    0.000    0.000 quopri.py:3(<module>)
        1    0.000    0.000    0.000    0.000 threading.py:570(Barrier)
        1    0.000    0.000    0.000    0.000 _internal.py:224(_ctypes)
        1    0.000    0.000    0.000    0.000 defmatrix.py:206(matrix)
        1    0.000    0.000    0.000    0.000 sprite.py:557(RenderUpdates)
        1    0.000    0.000    0.000    0.000 datetime.py:909(tzinfo)
       39    0.000    0.000    0.000    0.000 pkg_resources.py:1791(has_metadata)
        1    0.000    0.000    0.000    0.000 decorators.py:15(<module>)
        5    0.000    0.000    0.000    0.000 datetime.py:263(_check_time_fields)
        1    0.000    0.000    0.000    0.000 hermite.py:1750(Hermite)
        1    0.000    0.000    0.000    0.000 <string>:5(Mismatch)
        1    0.000    0.000    0.000    0.000 threading.py:507(set)
       20    0.000    0.000    0.000    0.000 {method '__subclasses__' of 'type' objects}
        1    0.000    0.000    0.000    0.000 <string>:5(SplitResult)
        1    0.000    0.000    0.000    0.000 <string>:5(Match)
        1    0.000    0.000    0.000    0.000 numeric.py:2809(__init__)
       14    0.000    0.000    0.000    0.000 imp.py:105(<listcomp>)
        1    0.000    0.000    0.000    0.000 iterators.py:5(<module>)
        1    0.000    0.000    0.000    0.000 _import_tools.py:8(PackageLoader)
        1    0.000    0.000    0.000    0.000 numbers.py:299(Integral)
        1    0.000    0.000    0.000    0.000 <string>:5(DefragResult)
       21    0.000    0.000    0.000    0.000 _weakrefset.py:52(_commit_removals)
        1    0.000    0.000    0.000    0.000 <string>:5(_LoggingWatcher)
        1    0.000    0.000    0.000    0.000 numbers.py:152(Real)
        1    0.000    0.000    0.000    0.000 _policybase.py:112(Policy)
        1    0.000    0.000    0.000    0.000 <string>:5(manifest_mod)
        1    0.000    0.000    0.000    0.000 threading.py:493(__init__)
       10    0.000    0.000    0.000    0.000 _policybase.py:104(<genexpr>)
        1    0.000    0.000    0.000    0.000 core.py:5827(MaskedConstant)
        1    0.000    0.000    0.000    0.000 chebyshev.py:2017(Chebyshev)
        7    0.000    0.000    0.000    0.000 posixpath.py:49(normcase)
       39    0.000    0.000    0.000    0.000 {built-in method max}
        1    0.000    0.000    0.000    0.000 legendre.py:1770(Legendre)
        4    0.000    0.000    0.000    0.000 {built-in method fromkeys}
        1    0.000    0.000    0.000    0.000 core.py:5833(__new__)
        1    0.000    0.000    0.000    0.000 pkg_resources.py:934(ResourceManager)
        1    0.000    0.000    0.000    0.000 laguerre.py:1742(Laguerre)
        1    0.000    0.000    0.000    0.000 polynomial.py:933(poly1d)
        1    0.000    0.000    0.000    0.000 {built-in method print}
        2    0.000    0.000    0.000    0.000 enum.py:486(__hash__)
        1    0.000    0.000    0.000    0.000 sprite.py:613(LayeredUpdates)
        1    0.000    0.000    0.000    0.000 compat.py:13(geterror)
       50    0.000    0.000    0.000    0.000 {built-in method sizeof}
        8    0.000    0.000    0.000    0.000 __future__.py:77(__init__)
        1    0.000    0.000    0.000    0.000 threading.py:210(__init__)
        1    0.000    0.000    0.000    0.000 calendar.py:49(<listcomp>)
        4    0.000    0.000    0.000    0.000 core.py:92(doc_note)
        1    0.000    0.000    0.000    0.000 {built-in method time}
        1    0.000    0.000    0.000    0.000 __config__.py:3(<module>)
        1    0.000    0.000    0.000    0.000 _iotools.py:248(NameValidator)
        1    0.000    0.000    0.000    0.000 main.py:48(TestProgram)
        1    0.000    0.000    0.000    0.000 threading.py:352(notify_all)
        1    0.000    0.000    0.000    0.000 {built-in method exp}
        1    0.000    0.000    0.000    0.000 extras.py:1546(__init__)
        1    0.000    0.000    0.000    0.000 calendar.py:66(_localized_day)
        1    0.000    0.000    0.000    0.000 pkg_resources.py:367(IMetadataProvider)
        1    0.000    0.000    0.000    0.000 hermite_e.py:1747(HermiteE)
        1    0.000    0.000    0.000    0.000 weakref.py:312(__init__)
        3    0.000    0.000    0.000    0.000 datetime.py:40(_days_before_year)
        1    0.000    0.000    0.000    0.000 info.py:34(<module>)
        1    0.000    0.000    0.000    0.000 __init__.py:750(Handler)
        3    0.000    0.000    0.000    0.000 datetime.py:1832(_create)
        1    0.000    0.000    0.000    0.000 {method 'items' of 'mappingproxy' objects}
        1    0.000    0.000    0.000    0.000 argparse.py:1584(ArgumentParser)
        1    0.000    0.000    0.000    0.000 {built-in method dlopen}
        1    0.000    0.000    0.000    0.000 info.py:176(<module>)
        1    0.000    0.000    0.000    0.000 {method 'union' of 'set' objects}
       10    0.000    0.000    0.000    0.000 _collections_abc.py:135(__subclasshook__)
        1    0.000    0.000    0.000    0.000 utils.py:998(SafeEval)
        1    0.000    0.000    0.000    0.000 {built-in method uname}
        1    0.000    0.000    0.000    0.000 zipfile.py:291(ZipInfo)
       14    0.000    0.000    0.000    0.000 <frozen importlib._bootstrap>:1311(is_package)
        1    0.000    0.000    0.000    0.000 core.py:5631(mvoid)
        1    0.000    0.000    0.000    0.000 re.py:235(escape)
        1    0.000    0.000    0.000    0.000 {built-in method sysconf}
        3    0.000    0.000    0.000    0.000 {method 'splitlines' of 'str' objects}
        2    0.000    0.000    0.000    0.000 numeric.py:1717(set_string_function)
        2    0.000    0.000    0.000    0.000 numeric.py:2524(geterr)
        1    0.000    0.000    0.000    0.000 selectors.py:278(SelectSelector)
        1    0.000    0.000    0.000    0.000 info.py:84(<module>)
        1    0.000    0.000    0.000    0.000 _iotools.py:152(LineSplitter)
       52    0.000    0.000    0.000    0.000 _compat_pickle.py:136(<genexpr>)
        3    0.000    0.000    0.000    0.000 index_tricks.py:242(__init__)
        1    0.000    0.000    0.000    0.000 extras.py:1476(__init__)
        1    0.000    0.000    0.000    0.000 pkg_resources.py:2163(EntryPoint)
        1    0.000    0.000    0.000    0.000 socket.py:328(SocketIO)
        1    0.000    0.000    0.000    0.000 numeric.py:2818(__exit__)
        1    0.000    0.000    0.000    0.000 warnings.py:332(__enter__)
       59    0.000    0.000    0.000    0.000 _compat_pickle.py:137(<genexpr>)
        1    0.000    0.000    0.000    0.000 __init__.py:1542(__init__)
        1    0.000    0.000    0.000    0.000 _parseaddr.py:203(AddrlistClass)
        3    0.000    0.000    0.000    0.000 enum.py:266(__members__)
        1    0.000    0.000    0.000    0.000 sprite.py:106(Sprite)
        1    0.000    0.000    0.000    0.000 tempfile.py:793(TemporaryDirectory)
        1    0.000    0.000    0.000    0.000 threading.py:88(_RLock)
        1    0.000    0.000    0.000    0.000 npyio.py:133(NpzFile)
        2    0.000    0.000    0.000    0.000 getlimits.py:269(max)
        1    0.000    0.000    0.000    0.000 __init__.py:1219(Logger)
       20    0.000    0.000    0.000    0.000 {built-in method S_ISLNK}
        1    0.000    0.000    0.000    0.000 _datasource.py:154(DataSource)
        1    0.000    0.000    0.000    0.000 parse.py:131(_NetlocResultMixinBase)
        1    0.000    0.000    0.000    0.000 tempfile.py:224(_RandomNameSequence)
        1    0.000    0.000    0.000    0.000 ctypeslib.py:150(_ndptr)
        9    0.000    0.000    0.000    0.000 enum.py:132(<genexpr>)
        1    0.000    0.000    0.000    0.000 zipfile.py:447(_ZipDecrypter)
        1    0.000    0.000    0.000    0.000 posixpath.py:136(basename)
        1    0.000    0.000    0.000    0.000 argparse.py:1223(_ActionsContainer)
       14    0.000    0.000    0.000    0.000 imp.py:106(<listcomp>)
        1    0.000    0.000    0.000    0.000 tarfile.py:326(_Stream)
        1    0.000    0.000    0.000    0.000 sprite.py:948(LayeredDirty)
        1    0.000    0.000    0.000    0.000 threading.py:897(_set_tstate_lock)
        1    0.000    0.000    0.000    0.000 plistlib.py:746(_BinaryPlistWriter)
        5    0.000    0.000    0.000    0.000 {method 'mro' of 'type' objects}
        1    0.000    0.000    0.000    0.000 __init__.py:1550(LoggerAdapter)
        5    0.000    0.000    0.000    0.000 {method 'insert' of 'list' objects}
        1    0.000    0.000    0.000    0.000 core.py:889(_MaskedBinaryOperation)
        1    0.000    0.000    0.000    0.000 feedparser.py:44(BufferedSubFile)
        1    0.000    0.000    0.000    0.000 plistlib.py:127(Plist)
        1    0.000    0.000    0.000    0.000 header.py:416(_ValueFormatter)
        1    0.000    0.000    0.000    0.000 loader.py:51(TestLoader)
        1    0.000    0.000    0.000    0.000 parse.py:273(_fix_result_transcoding)
        1    0.000    0.000    0.000    0.000 sprite.py:221(DirtySprite)
        1    0.000    0.000    0.000    0.000 zipfile.py:508(LZMACompressor)
        1    0.000    0.000    0.000    0.000 case.py:1306(FunctionTestCase)
        1    0.000    0.000    0.000    0.000 feedparser.py:136(FeedParser)
        1    0.000    0.000    0.000    0.000 plistlib.py:454(_PlistWriter)
        1    0.000    0.000    0.000    0.000 {built-in method exit}
        1    0.000    0.000    0.000    0.000 calendar.py:126(Calendar)
        1    0.000    0.000    0.000    0.000 functools.py:370(lru_cache)
        1    0.000    0.000    0.000    0.000 __init__.py:1234(__init__)
        5    0.000    0.000    0.000    0.000 datetime.py:275(_check_tzinfo_arg)
        1    0.000    0.000    0.000    0.000 {method 'view' of 'numpy.ndarray' objects}
        1    0.000    0.000    0.000    0.000 tempfile.py:473(_TemporaryFileCloser)
        1    0.000    0.000    0.000    0.000 parser.py:72(HeaderParser)
        1    0.000    0.000    0.000    0.000 threading.py:329(notify)
        1    0.000    0.000    0.000    0.000 calendar.py:69(<listcomp>)
        1    0.000    0.000    0.000    0.000 plistlib.py:204(Data)
        1    0.000    0.000    0.000    0.000 index_tricks.py:447(__init__)
        1    0.000    0.000    0.000    0.000 __init__.py:211(_acquireLock)
        1    0.000    0.000    0.000    0.000 calendar.py:376(HTMLCalendar)
        1    0.000    0.000    0.000    0.000 plistlib.py:416(_DumbXMLWriter)
        1    0.000    0.000    0.000    0.000 selectors.py:331(PollSelector)
        1    0.000    0.000    0.000    0.000 pkg_resources.py:391(IResourceProvider)
        1    0.000    0.000    0.000    0.000 {method 'find' of 'str' objects}
        1    0.000    0.000    0.000    0.000 zipfile.py:1583(PyZipFile)
        1    0.000    0.000    0.000    0.000 __init__.py:1111(Manager)
        1    0.000    0.000    0.000    0.000 arrayterator.py:20(Arrayterator)
        1    0.000    0.000    0.000    0.000 index_tricks.py:525(ndindex)
        2    0.000    0.000    0.000    0.000 threading.py:75(RLock)
       14    0.000    0.000    0.000    0.000 imp.py:107(<listcomp>)
        1    0.000    0.000    0.000    0.000 core.py:2250(_MaskedPrintOption)
        1    0.000    0.000    0.000    0.000 pkg_resources.py:2726(Requirement)
        1    0.000    0.000    0.000    0.000 utils.py:1481(WarningMessage)
        1    0.000    0.000    0.000    0.000 random.py:639(SystemRandom)
        1    0.000    0.000    0.000    0.000 selectors.py:382(EpollSelector)
        1    0.000    0.000    0.000    0.000 numbers.py:272(Rational)
        1    0.000    0.000    0.000    0.000 charset.py:167(Charset)
        1    0.000    0.000    0.000    0.000 case.py:165(_AssertRaisesContext)
        1    0.000    0.000    0.000    0.000 _encoded_words.py:73(_QByteMap)
        2    0.000    0.000    0.000    0.000 {built-in method log}
        1    0.000    0.000    0.000    0.000 sprite.py:284(AbstractGroup)
        1    0.000    0.000    0.000    0.000 tempfile.py:514(_TemporaryFileWrapper)
        6    0.000    0.000    0.000    0.000 {built-in method geterrobj}
        6    0.000    0.000    0.000    0.000 {method 'rsplit' of 'str' objects}
        1    0.000    0.000    0.000    0.000 getlimits.py:194(iinfo)
        1    0.000    0.000    0.000    0.000 argparse.py:869(_StoreConstAction)
        1    0.000    0.000    0.000    0.000 tokenize.py:111(any)
        1    0.000    0.000    0.000    0.000 selectors.py:194(_BaseSelectorImpl)
        1    0.000    0.000    0.000    0.000 __init__.py:460(__init__)
        1    0.000    0.000    0.000    0.000 __init__.py:788(createLock)
        1    0.000    0.000    0.000    0.000 warnings.py:349(__exit__)
        7    0.000    0.000    0.000    0.000 {method 'pop' of 'dict' objects}
       21    0.000    0.000    0.000    0.000 {method 'remove' of 'set' objects}
        1    0.000    0.000    0.000    0.000 pkg_resources.py:1584(ContextualZipFile)
        5    0.000    0.000    0.000    0.000 datetime.py:45(_days_in_month)
        2    0.000    0.000    0.000    0.000 utils.py:64(__init__)
        1    0.000    0.000    0.000    0.000 core.py:153(<listcomp>)
        2    0.000    0.000    0.000    0.000 {built-in method maketrans}
        1    0.000    0.000    0.000    0.000 string.py:162(Formatter)
        1    0.000    0.000    0.000    0.000 selectors.py:50(_SelectorMapping)
        1    0.000    0.000    0.000    0.000 sprite.py:1223(GroupSingle)
        1    0.000    0.000    0.000    0.000 core.py:6006(__init__)
        1    0.000    0.000    0.000    0.000 plistlib.py:593(_BinaryPlistParser)
        1    0.000    0.000    0.000    0.000 __init__.py:416(Formatter)
        4    0.000    0.000    0.000    0.000 pkg_resources.py:217(register_loader_type)
        3    0.000    0.000    0.000    0.000 __init__.py:480(CFunctionType)
        1    0.000    0.000    0.000    0.000 queue.py:24(Queue)
        1    0.000    0.000    0.000    0.000 {built-in method openssl_md5}
        3    0.000    0.000    0.000    0.000 core.py:742(__init__)
        1    0.000    0.000    0.000    0.000 header.py:179(Header)
        1    0.000    0.000    0.000    0.000 warnings.py:311(__init__)
        1    0.000    0.000    0.000    0.000 difflib.py:43(SequenceMatcher)
        1    0.000    0.000    0.000    0.000 threading.py:198(Condition)
        1    0.000    0.000    0.000    0.000 parser.py:17(Parser)
        1    0.000    0.000    0.000    0.000 runner.py:29(TextTestResult)
        6    0.000    0.000    0.000    0.000 core.py:774(__init__)
        1    0.000    0.000    0.000    0.000 difflib.py:1652(HtmlDiff)
        1    0.000    0.000    0.000    0.000 core.py:5994(__init__)
        1    0.000    0.000    0.000    0.000 version.py:3(<module>)
        1    0.000    0.000    0.000    0.000 {built-in method sqrt}
        1    0.000    0.000    0.000    0.000 case.py:1367(_SubTest)
        1    0.000    0.000    0.000    0.000 enum.py:315(<listcomp>)
        1    0.000    0.000    0.000    0.000 zipfile.py:531(LZMADecompressor)
        1    0.000    0.000    0.000    0.000 index_tricks.py:470(__init__)
        8    0.000    0.000    0.000    0.000 {built-in method callable}
        1    0.000    0.000    0.000    0.000 tarfile.py:606(_FileInFile)
        1    0.000    0.000    0.000    0.000 plistlib.py:79(_InternalDict)
        1    0.000    0.000    0.000    0.000 numeric.py:2747(errstate)
        1    0.000    0.000    0.000    0.000 plistlib.py:109(Dict)
        1    0.000    0.000    0.000    0.000 __init__.py:152(WorkerQueue)
        2    0.000    0.000    0.000    0.000 calendar.py:52(__init__)
        1    0.000    0.000    0.000    0.000 case.py:199(_AssertWarnsContext)
        1    0.000    0.000    0.000    0.000 _policybase.py:261(Compat32)
        2    0.000    0.000    0.000    0.000 {built-in method exc_info}
        2    0.000    0.000    0.000    0.000 tokenize.py:112(maybe)
        3    0.000    0.000    0.000    0.000 {method 'setter' of 'property' objects}
        1    0.000    0.000    0.000    0.000 pickle.py:183(_Framer)
        1    0.000    0.000    0.000    0.000 sprite.py:586(OrderedUpdates)
        4    0.000    0.000    0.000    0.000 core.py:2441(__get__)
        1    0.000    0.000    0.000    0.000 __init__.py:589(BufferingFormatter)
        1    0.000    0.000    0.000    0.000 function_base.py:1529(vectorize)
        1    0.000    0.000    0.000    0.000 __init__.py:374(PyDLL)
        1    0.000    0.000    0.000    0.000 machar.py:17(MachAr)
        1    0.000    0.000    0.000    0.000 pkg_resources.py:1776(FileMetadata)
        4    0.000    0.000    0.000    0.000 pkg_resources.py:1846(register_finder)
        9    0.000    0.000    0.000    0.000 case.py:1285(_deprecate)
        1    0.000    0.000    0.000    0.000 tokenize.py:97(TokenInfo)
        4    0.000    0.000    0.000    0.000 copyreg.py:22(constructor)
        1    0.000    0.000    0.000    0.000 _datasource.py:50(_FileOpeners)
        1    0.000    0.000    0.000    0.000 getlimits.py:24(finfo)
        1    0.000    0.000    0.000    0.000 core.py:2399(_arraymethod)
        1    0.000    0.000    0.000    0.000 records.py:285(recarray)
        3    0.000    0.000    0.000    0.000 sre_parse.py:233(tell)
        1    0.000    0.000    0.000    0.000 weakref.py:255(update)
        1    0.000    0.000    0.000    0.000 __future__.py:76(_Feature)
        1    0.000    0.000    0.000    0.000 calendar.py:132(__init__)
        1    0.000    0.000    0.000    0.000 _version.py:18(NumpyVersion)
        1    0.000    0.000    0.000    0.000 pkg_resources.py:1498(DefaultProvider)
        1    0.000    0.000    0.000    0.000 core.py:6048(_frommethod)
        1    0.000    0.000    0.000    0.000 __init__.py:5(<module>)
        1    0.000    0.000    0.000    0.000 __init__.py:220(_releaseLock)
        1    0.000    0.000    0.000    0.000 parser.py:80(BytesParser)
        1    0.000    0.000    0.000    0.000 suite.py:16(BaseTestSuite)
        1    0.000    0.000    0.000    0.000 _datasource.py:504(Repository)
        1    0.000    0.000    0.000    0.000 _datasource.py:74(__init__)
        3    0.000    0.000    0.000    0.000 {method 'acquire' of '_thread.lock' objects}
        1    0.000    0.000    0.000    0.000 imp.py:131(_HackedGetData)
        1    0.000    0.000    0.000    0.000 string.py:73(Template)
        1    0.000    0.000    0.000    0.000 index_tricks.py:223(AxisConcatenator)
        1    0.000    0.000    0.000    0.000 case.py:272(_AssertLogsContext)
        1    0.000    0.000    0.000    0.000 nosetester.py:129(NoseTester)
        1    0.000    0.000    0.000    0.000 cursors.py:32(<module>)
        1    0.000    0.000    0.000    0.000 __init__.py:80(MissingModule)
        1    0.000    0.000    0.000    0.000 index_tricks.py:87(nd_grid)
        1    0.000    0.000    0.000    0.000 tokenize.py:224(Untokenizer)
        1    0.000    0.000    0.000    0.000 runner.py:13(_WritelnDecorator)
        2    0.000    0.000    0.000    0.000 __init__.py:673(__init__)
        1    0.000    0.000    0.000    0.000 subprocess.py:366(CalledProcessError)
        1    0.000    0.000    0.000    0.000 suite.py:273(_ErrorHolder)
       11    0.000    0.000    0.000    0.000 {method '__subclasshook__' of 'object' objects}
        1    0.000    0.000    0.000    0.000 utils.py:1513(WarningManager)
        2    0.000    0.000    0.000    0.000 calendar.py:71(__init__)
        1    0.000    0.000    0.000    0.000 case.py:253(_CapturingHandler)
        1    0.000    0.000    0.000    0.000 __init__.py:318(CDLL)
        1    0.000    0.000    0.000    0.000 calendar.py:259(TextCalendar)
        1    0.000    0.000    0.000    0.000 tarfile.py:576(_StreamProxy)
        1    0.000    0.000    0.000    0.000 pprint.py:101(PrettyPrinter)
        1    0.000    0.000    0.000    0.000 pprint.py:71(_safe_key)
        1    0.000    0.000    0.000    0.000 _parseaddr.py:495(AddressList)
        1    0.000    0.000    0.000    0.000 pkg_resources.py:1523(EmptyProvider)
        1    0.000    0.000    0.000    0.000 pkg_resources.py:1477(EggProvider)
        2    0.000    0.000    0.000    0.000 __init__.py:182(_checkLevel)
        1    0.000    0.000    0.000    0.000 header.py:544(_Accumulator)
        1    0.000    0.000    0.000    0.000 core.py:7273(_convert2ma)
        1    0.000    0.000    0.000    0.000 _policybase.py:18(_PolicyBase)
        1    0.000    0.000    0.000    0.000 __init__.py:986(FileHandler)
        1    0.000    0.000    0.000    0.000 threading.py:249(_is_owned)
        2    0.000    0.000    0.000    0.000 utils.py:47(_set_function_name)
        1    0.000    0.000    0.000    0.000 threading.py:482(Event)
        1    0.000    0.000    0.000    0.000 pickle.py:74(UnpicklingError)
        1    0.000    0.000    0.000    0.000 __init__.py:175(c_ulong)
        1    0.000    0.000    0.000    0.000 pkg_resources.py:918(ExtractionError)
        1    0.000    0.000    0.000    0.000 tarfile.py:2372(TarIter)
        1    0.000    0.000    0.000    0.000 errors.py:44(StartBoundaryNotFoundDefect)
        1    0.000    0.000    0.000    0.000 core.py:1034(_DomainedBinaryOperation)
        1    0.000    0.000    0.000    0.000 polyutils.py:62(PolyError)
        3    0.000    0.000    0.000    0.000 __init__.py:99(CFunctionType)
        1    0.000    0.000    0.000    0.000 subprocess.py:380(TimeoutExpired)
        1    0.000    0.000    0.000    0.000 pkg_resources.py:1531(__init__)
        1    0.000    0.000    0.000    0.000 numeric.py:52(ComplexWarning)
        1    0.000    0.000    0.000    0.000 errors.py:12(MessageParseError)
        1    0.000    0.000    0.000    0.000 errors.py:33(MessageDefect)
        2    0.000    0.000    0.000    0.000 __init__.py:415(__init__)
        1    0.000    0.000    0.000    0.000 __init__.py:668(Filterer)
        1    0.000    0.000    0.000    0.000 calendar.py:531(LocaleHTMLCalendar)
        1    0.000    0.000    0.000    0.000 parser.py:127(BytesHeaderParser)
        1    0.000    0.000    0.000    0.000 argparse.py:1010(_HelpAction)
        1    0.000    0.000    0.000    0.000 records.py:215(record)
        1    0.000    0.000    0.000    0.000 model.py:17(World)
        1    0.000    0.000    0.000    0.000 _internal.py:217(_missing_ctypes)
        1    0.000    0.000    0.000    0.000 pkg_resources.py:195(ResolutionError)
        1    0.000    0.000    0.000    0.000 difflib.py:751(Differ)
        1    0.000    0.000    0.000    0.000 message.py:934(_IsAttachment)
        1    0.000    0.000    0.000    0.000 utils.py:1701(IgnoreException)
        1    0.000    0.000    0.000    0.000 compat.py:74(get_BytesIO)
        1    0.000    0.000    0.000    0.000 calendar.py:488(different_locale)
        1    0.000    0.000    0.000    0.000 string.py:51(_TemplateMetaclass)
        1    0.000    0.000    0.000    0.000 {built-in method Clock}
        1    0.000    0.000    0.000    0.000 tokenize.py:219(TokenError)
        1    0.000    0.000    0.000    0.000 core.py:734(_DomainCheckInterval)
        1    0.000    0.000    0.000    0.000 _import_tools.py:336(PackageLoaderDebug)
        1    0.000    0.000    0.000    0.000 subprocess.py:363(SubprocessError)
        1    0.000    0.000    0.000    0.000 {method 'release' of '_thread.lock' objects}
        1    0.000    0.000    0.000    0.000 __init__.py:163(c_short)
        1    0.000    0.000    0.000    0.000 memmap.py:23(memmap)
        1    0.000    0.000    0.000    0.000 core.py:131(MaskError)
        2    0.000    0.000    0.000    0.000 {built-in method set_string_function}
        1    0.000    0.000    0.000    0.000 pkg_resources.py:200(VersionConflict)
        1    0.000    0.000    0.000    0.000 extras.py:1464(MAxisConcatenator)
        1    0.000    0.000    0.000    0.000 __init__.py:631(Filter)
        1    0.000    0.000    0.000    0.000 tarfile.py:277(StreamError)
        1    0.000    0.000    0.000    0.000 queue.py:236(LifoQueue)
        1    0.000    0.000    0.000    0.000 __init__.py:238(c_char_p)
        1    0.000    0.000    0.000    0.000 _iotools.py:441(ConverterError)
        1    0.000    0.000    0.000    0.000 errors.py:56(MissingHeaderBodySeparatorDefect)
        1    0.000    0.000    0.000    0.000 __init__.py:383(StrFormatStyle)
        1    0.000    0.000    0.000    0.000 argparse.py:743(Action)
        4    0.000    0.000    0.000    0.000 pkg_resources.py:1938(register_namespace_handler)
        1    0.000    0.000    0.000    0.000 parse.py:163(_NetlocResultMixinStr)
        1    0.000    0.000    0.000    0.000 feedparser.py:522(BytesFeedParser)
        1    0.000    0.000    0.000    0.000 signals.py:9(_InterruptHandler)
        1    0.000    0.000    0.000    0.000 case.py:133(_AssertRaisesBaseContext)
        1    0.000    0.000    0.000    0.000 threading.py:1162(Timer)
        1    0.000    0.000    0.000    0.000 tarfile.py:302(_LowLevelFile)
        1    0.000    0.000    0.000    0.000 errors.py:24(MultipartConversionError)
        1    0.000    0.000    0.000    0.000 __init__.py:255(c_bool)
        1    0.000    0.000    0.000    0.000 plistlib.py:587(InvalidFileException)
        1    0.000    0.000    0.000    0.000 pickle.py:219(_Unframer)
        1    0.000    0.000    0.000    0.000 tarfile.py:286(TruncatedHeaderError)
        1    0.000    0.000    0.000    0.000 parse.py:115(_ResultMixinStr)
       17    0.000    0.000    0.000    0.000 {method 'keys' of 'dict' objects}
        1    0.000    0.000    0.000    0.000 __init__.py:414(LibraryLoader)
        1    0.000    0.000    0.000    0.000 core.py:5992(_minimum_operation)
        1    0.000    0.000    0.000    0.000 queue.py:217(PriorityQueue)
        1    0.000    0.000    0.000    0.000 core.py:762(__init__)
        1    0.000    0.000    0.000    0.000 linalg.py:43(LinAlgError)
        1    0.000    0.000    0.000    0.000 calendar.py:500(LocaleTextCalendar)
        1    0.000    0.000    0.000    0.000 index_tricks.py:352(RClass)
        1    0.000    0.000    0.000    0.000 parse.py:193(_NetlocResultMixinBytes)
        1    0.000    0.000    0.000    0.000 sprite.py:1302(collide_rect_ratio)
        1    0.000    0.000    0.000    0.000 suite.py:95(TestSuite)
        1    0.000    0.000    0.000    0.000 __init__.py:184(c_int)
        1    0.000    0.000    0.000    0.000 extras.py:1530(mr_class)
        1    0.000    0.000    0.000    0.000 calendar.py:21(IllegalMonthError)
        1    0.000    0.000    0.000    0.000 argparse.py:1564(_MutuallyExclusiveGroup)
        1    0.000    0.000    0.000    0.000 parse.py:254(DefragResultBytes)
        1    0.000    0.000    0.000    0.000 {built-in method _set_sentinel}
        1    0.000    0.000    0.000    0.000 argparse.py:118(_AttributeHolder)
        1    0.000    0.000    0.000    0.000 __init__.py:17(<module>)
        1    0.000    0.000    0.000    0.000 case.py:24(SkipTest)
        1    0.000    0.000    0.000    0.000 threading.py:364(Semaphore)
        3    0.000    0.000    0.000    0.000 _inspect.py:161(<lambda>)
        1    0.000    0.000    0.000    0.000 __init__.py:935(StreamHandler)
        1    0.000    0.000    0.000    0.000 threading.py:894(_set_ident)
        1    0.000    0.000    0.000    0.000 shutil.py:45(SameFileError)
        1    0.000    0.000    0.000    0.000 {built-in method getfilesystemencoding}
        1    0.000    0.000    0.000    0.000 utils.py:52(_Deprecate)
        1    0.000    0.000    0.000    0.000 {built-in method openssl_sha384}
        1    0.000    0.000    0.000    0.000 npyio.py:86(BagObj)
        1    0.000    0.000    0.000    0.000 errors.py:20(BoundaryError)
        1    0.000    0.000    0.000    0.000 pkg_resources.py:1830(EggMetadata)
        1    0.000    0.000    0.000    0.000 __init__.py:188(c_uint)
        1    0.000    0.000    0.000    0.000 argparse.py:1144(FileType)
        1    0.000    0.000    0.000    0.000 core.py:756(_DomainTan)
        1    0.000    0.000    0.000    0.000 pickle.py:87(_Stop)
        1    0.000    0.000    0.000    0.000 calendar.py:28(IllegalWeekdayError)
        1    0.000    0.000    0.000    0.000 threading.py:444(BoundedSemaphore)
        1    0.000    0.000    0.000    0.000 threading.py:724(BrokenBarrierError)
        1    0.000    0.000    0.000    0.000 collision.py:7(Node)
        1    0.000    0.000    0.000    0.000 zipfile.py:43(LargeZipFile)
        2    0.000    0.000    0.000    0.000 index_tricks.py:647(__init__)
        1    0.000    0.000    0.000    0.000 errors.py:50(FirstHeaderLineIsContinuationDefect)
        1    0.000    0.000    0.000    0.000 {built-in method openssl_sha224}
        1    0.000    0.000    0.000    0.000 argparse.py:892(_StoreTrueAction)
        1    0.000    0.000    0.000    0.000 __init__.py:374(__init__)
        1    0.000    0.000    0.000    0.000 __init__.py:124(VisibleDeprecationWarning)
        1    0.000    0.000    0.000    0.000 argparse.py:714(ArgumentError)
        1    0.000    0.000    0.000    0.000 {method 'values' of 'dict' objects}
        1    0.000    0.000    0.000    0.000 __init__.py:1043(_StderrHandler)
        1    0.000    0.000    0.000    0.000 tarfile.py:295(SubsequentHeaderError)
        1    0.000    0.000    0.000    0.000 __init__.py:263(c_wchar)
        1    0.000    0.000    0.000    0.000 index_tricks.py:603(IndexExpression)
        1    0.000    0.000    0.000    0.000 arrayprint.py:658(LongFloatFormat)
        1    0.000    0.000    0.000    0.000 core.py:772(_DomainSafeDivide)
        2    0.000    0.000    0.000    0.000 {built-in method getpid}
        1    0.000    0.000    0.000    0.000 polyutils.py:66(PolyDomainError)
        1    0.000    0.000    0.000    0.000 shutil.py:48(SpecialFileError)
        1    0.000    0.000    0.000    0.000 parse.py:267(ParseResultBytes)
        1    0.000    0.000    0.000    0.000 __init__.py:260(c_wchar_p)
        1    0.000    0.000    0.000    0.000 __init__.py:392(StringTemplateStyle)
        1    0.000    0.000    0.000    0.000 zipfile.py:39(BadZipFile)
        1    0.000    0.000    0.000    0.000 core.py:789(_DomainGreater)
        1    0.000    0.000    0.000    0.000 model.py:5(Particle)
        1    0.000    0.000    0.000    0.000 arrayprint.py:699(ComplexFormat)
        1    0.000    0.000    0.000    0.000 argparse.py:834(_StoreAction)
        1    0.000    0.000    0.000    0.000 _iotools.py:455(ConversionWarning)
        1    0.000    0.000    0.000    0.000 tarfile.py:707(ExFileObject)
        1    0.000    0.000    0.000    0.000 {built-in method openssl_sha512}
        1    0.000    0.000    0.000    0.000 _iotools.py:448(ConverterLockError)
        1    0.000    0.000    0.000    0.000 shutil.py:55(ReadError)
        1    0.000    0.000    0.000    0.000 arrayprint.py:715(DatetimeFormat)
        1    0.000    0.000    0.000    0.000 records.py:84(format_parser)
        1    0.000    0.000    0.000    0.000 __init__.py:231(LogRecord)
        1    0.000    0.000    0.000    0.000 case.py:123(_BaseTestCaseContext)
        1    0.000    0.000    0.000    0.000 index_tricks.py:475(ndenumerate)
        1    0.000    0.000    0.000    0.000 __init__.py:1895(NullHandler)
        1    0.000    0.000    0.000    0.000 __init__.py:368(PercentStyle)
        1    0.000    0.000    0.000    0.000 arrayprint.py:688(LongComplexFormat)
        1    0.000    0.000    0.000    0.000 arrayprint.py:532(FloatFormat)
        1    0.000    0.000    0.000    0.000 core.py:812(_MaskedUnaryOperation)
        1    0.000    0.000    0.000    0.000 argparse.py:909(_StoreFalseAction)
        1    0.000    0.000    0.000    0.000 polyutils.py:79(PolyBase)
        1    0.000    0.000    0.000    0.000 {built-in method openssl_sha1}
        1    0.000    0.000    0.000    0.000 parse.py:248(ParseResult)
        1    0.000    0.000    0.000    0.000 core.py:5937(_extrema_operation)
        1    0.000    0.000    0.000    0.000 argparse.py:1530(_ArgumentGroup)
        1    0.000    0.000    0.000    0.000 pkg_resources.py:1537(ZipManifests)
        1    0.000    0.000    0.000    0.000 tarfile.py:292(InvalidHeaderError)
        1    0.000    0.000    0.000    0.000 calendar.py:138(setfirstweekday)
        1    0.000    0.000    0.000    0.000 message.py:1142(EmailMessage)
        1    0.000    0.000    0.000    0.000 arrayprint.py:638(IntegerFormat)
        1    0.000    0.000    0.000    0.000 {built-in method openssl_sha256}
        1    0.000    0.000    0.000    0.000 imp.py:112(NullImporter)
        1    0.000    0.000    0.000    0.000 collision.py:58(__init__)
        1    0.000    0.000    0.000    0.000 pkg_resources.py:938(__init__)
        1    0.000    0.000    0.000    0.000 argparse.py:926(_AppendAction)
        1    0.000    0.000    0.000    0.000 runner.py:120(TextTestRunner)
        1    0.000    0.000    0.000    0.000 core.py:155(<listcomp>)
        1    0.000    0.000    0.000    0.000 __init__.py:112(ModuleDeprecationWarning)
        2    0.000    0.000    0.000    0.000 core.py:803(__init__)
        1    0.000    0.000    0.000    0.000 _policybase.py:41(__init__)
        1    0.000    0.000    0.000    0.000 shutil.py:52(ExecError)
        1    0.000    0.000    0.000    0.000 imp.py:159(_LoadSourceCompatibility)
        1    0.000    0.000    0.000    0.000 argparse.py:1198(Namespace)
        1    0.000    0.000    0.000    0.000 errors.py:90(NonPrintableDefect)
        1    0.000    0.000    0.000    0.000 threading.py:1211(_DummyThread)
        1    0.000    0.000    0.000    0.000 errors.py:41(NoBoundaryInMultipartDefect)
        1    0.000    0.000    0.000    0.000 errors.py:67(UndecodableBytesDefect)
        1    0.000    0.000    0.000    0.000 _inspect.py:162(<lambda>)
        1    0.000    0.000    0.000    0.000 __init__.py:345(_FuncPtr)
        1    0.000    0.000    0.000    0.000 extras.py:224(_fromnxfunction)
        1    0.000    0.000    0.000    0.000 argparse.py:1057(_ChoicesPseudoAction)
        1    0.000    0.000    0.000    0.000 __init__.py:1116(__init__)
        1    0.000    0.000    0.000    0.000 case.py:37(_UnexpectedSuccess)
        1    0.000    0.000    0.000    0.000 core.py:2468(MaskedIterator)
        1    0.000    0.000    0.000    0.000 _endian.py:23(_swapped_meta)
        1    0.000    0.000    0.000    0.000 argparse.py:664(ArgumentDefaultsHelpFormatter)
        1    0.000    0.000    0.000    0.000 parse.py:243(SplitResult)
        1    0.000    0.000    0.000    0.000 parse.py:235(DefragResult)
        2    0.000    0.000    0.000    0.000 {built-in method hash}
        1    0.000    0.000    0.000    0.000 shutil.py:42(Error)
        1    0.000    0.000    0.000    0.000 parse.py:630(Quoter)
        1    0.000    0.000    0.000    0.000 parse.py:262(SplitResultBytes)
        1    0.000    0.000    0.000    0.000 errors.py:53(MisplacedEnvelopeHeaderDefect)
        1    0.000    0.000    0.000    0.000 errors.py:101(ObsoleteHeaderDefect)
        1    0.000    0.000    0.000    0.000 __init__.py:210(FuncResult)
        1    0.000    0.000    0.000    0.000 enum.py:40(_EnumDict)
        1    0.000    0.000    0.000    0.000 errors.py:73(InvalidBase64CharactersDefect)
        1    0.000    0.000    0.000    0.000 __init__.py:196(c_double)
        1    0.000    0.000    0.000    0.000 tarfile.py:271(ReadError)
        1    0.000    0.000    0.000    0.000 collision.py:71(QuadtreeDetector)
        1    0.000    0.000    0.000    0.000 index_tricks.py:452(CClass)
        1    0.000    0.000    0.000    0.000 __init__.py:233(c_char)
        1    0.000    0.000    0.000    0.000 argparse.py:681(MetavarTypeHelpFormatter)
        1    0.000    0.000    0.000    0.000 argparse.py:203(_Section)
        1    0.000    0.000    0.000    0.000 __init__.py:221(c_ubyte)
        1    0.000    0.000    0.000    0.000 queue.py:20(Full)
        1    0.000    0.000    0.000    0.000 {built-in method register}
        1    0.000    0.000    0.000    0.000 argparse.py:653(RawTextHelpFormatter)
        1    0.000    0.000    0.000    0.000 errors.py:64(InvalidMultipartContentTransferEncodingDefect)
        1    0.000    0.000    0.000    0.000 core.py:6004(_maximum_operation)
        1    0.000    0.000    0.000    0.000 tarfile.py:283(EmptyHeaderError)
        1    0.000    0.000    0.000    0.000 __init__.py:171(c_long)
        1    0.000    0.000    0.000    0.000 __init__.py:167(c_ushort)
        1    0.000    0.000    0.000    0.000 __init__.py:228(c_byte)
        1    0.000    0.000    0.000    0.000 __init__.py:200(c_longdouble)
        1    0.000    0.000    0.000    0.000 tarfile.py:274(CompressionError)
        1    0.000    0.000    0.000    0.000 __init__.py:1067(PlaceHolder)
        1    0.000    0.000    0.000    0.000 errors.py:28(CharsetError)
        1    0.000    0.000    0.000    0.000 errors.py:84(InvalidHeaderDefect)
        1    0.000    0.000    0.000    0.000 __init__.py:8(<module>)
        1    0.000    0.000    0.000    0.000 errors.py:8(MessageError)
        1    0.000    0.000    0.000    0.000 defmatrix.py:14(_NumCharTable)
        1    0.000    0.000    0.000    0.000 errors.py:78(HeaderDefect)
        1    0.000    0.000    0.000    0.000 core.py:5836(__array_finalize__)
        1    0.000    0.000    0.000    0.000 {method 'disable' of '_lsprof.Profiler' objects}
        1    0.000    0.000    0.000    0.000 __init__.py:192(c_float)
        1    0.000    0.000    0.000    0.000 pkg_resources.py:1805(PathMetadata)
        2    0.000    0.000    0.000    0.000 index_tricks.py:148(__init__)
        1    0.000    0.000    0.000    0.000 _endian.py:46(BigEndianStructure)
        1    0.000    0.000    0.000    0.000 __init__.py:250(c_void_p)
        1    0.000    0.000    0.000    0.000 pickle.py:67(PicklingError)
        1    0.000    0.000    0.000    0.000 core.py:128(MAError)
        1    0.000    0.000    0.000    0.000 __init__.py:154(py_object)
        1    0.000    0.000    0.000    0.000 stride_tricks.py:14(DummyArray)
        1    0.000    0.000    0.000    0.000 collision.py:57(BasicDetector)
        2    0.000    0.000    0.000    0.000 {method 'clear' of 'dict' objects}
        1    0.000    0.000    0.000    0.000 tarfile.py:268(ExtractError)
        1    0.000    0.000    0.000    0.000 argparse.py:963(_AppendConstAction)
        1    0.000    0.000    0.000    0.000 shutil.py:58(RegistryError)
        1    0.000    0.000    0.000    0.000 argparse.py:642(RawDescriptionHelpFormatter)
        1    0.000    0.000    0.000    0.000 {method 'acquire' of '_thread.RLock' objects}
        1    0.000    0.000    0.000    0.000 argparse.py:734(ArgumentTypeError)
        1    0.000    0.000    0.000    0.000 __init__.py:1536(RootLogger)
        1    0.000    0.000    0.000    0.000 errors.py:70(InvalidBase64PaddingDefect)
        1    0.000    0.000    0.000    0.000 errors.py:16(HeaderParseError)
        1    0.000    0.000    0.000    0.000 argparse.py:989(_CountAction)
        3    0.000    0.000    0.000    0.000 core.py:791(__init__)
        1    0.000    0.000    0.000    0.000 {method 'release' of '_thread.RLock' objects}
        1    0.000    0.000    0.000    0.000 numerictypes.py:773(_typedict)
        1    0.000    0.000    0.000    0.000 arrayprint.py:743(TimedeltaFormat)
        1    0.000    0.000    0.000    0.000 uu.py:39(Error)
        1    0.000    0.000    0.000    0.000 polynomial.py:21(RankWarning)
        1    0.000    0.000    0.000    0.000 numbers.py:12(Number)
        1    0.000    0.000    0.000    0.000 threading.py:1192(_MainThread)
        1    0.000    0.000    0.000    0.000 sprite.py:531(Group)
        1    0.000    0.000    0.000    0.000 pickle.py:63(PickleError)
        1    0.000    0.000    0.000    0.000 pkg_resources.py:203(DistributionNotFound)
        1    0.000    0.000    0.000    0.000 imp.py:179(_LoadCompiledCompatibility)
        1    0.000    0.000    0.000    0.000 core.py:801(_DomainGreaterEqual)
        1    0.000    0.000    0.000    0.000 version.py:28(<module>)
        1    0.000    0.000    0.000    0.000 errors.py:87(HeaderMissingRequiredValue)
        1    0.000    0.000    0.000    0.000 queue.py:16(Empty)
        1    0.000    0.000    0.000    0.000 tarfile.py:265(TarError)
        1    0.000    0.000    0.000    0.000 argparse.py:1029(_VersionAction)
        1    0.000    0.000    0.000    0.000 sprite.py:1392(collide_circle_ratio)
        1    0.000    0.000    0.000    0.000 tarfile.py:280(HeaderError)
        6    0.000    0.000    0.000    0.000 {built-in method _filters_mutated}
        1    0.000    0.000    0.000    0.000 core.py:2255(__init__)
        1    0.000    0.000    0.000    0.000 suite.py:320(_DebugResult)
        1    0.000    0.000    0.000    0.000 parse.py:123(_ResultMixinBytes)
        1    0.000    0.000    0.000    0.000 sre_parse.py:235(seek)
        1    0.000    0.000    0.000    0.000 collision.py:39(Quadtree)
        1    0.000    0.000    0.000    0.000 errors.py:47(CloseBoundaryNotFoundDefect)
        1    0.000    0.000    0.000    0.000 {method 'toordinal' of 'datetime.date' objects}
        1    0.000    0.000    0.000    0.000 tarfile.py:289(EOFHeaderError)
        1    0.000    0.000    0.000    0.000 errors.py:104(NonASCIILocalPartDefect)
        1    0.000    0.000    0.000    0.000 case.py:32(_ShouldStop)
        1    0.000    0.000    0.000    0.000 numeric.py:2743(_unspecified)
        1    0.000    0.000    0.000    0.000 {built-in method set_typeDict}
        1    0.000    0.000    0.000    0.000 polyutils.py:58(RankWarning)
        1    0.000    0.000    0.000    0.000 errors.py:61(MultipartInvariantViolationDefect)
        1    0.000    0.000    0.000    0.000 tokenize.py:221(StopTokenizing)
        1    0.000    0.000    0.000    0.000 pkg_resources.py:206(UnknownExtra)


